Using pre-set license
Built from '2020.3/staging' branch; Version is '2020.3.10f1 (297d780c91bc) revision 2719096'; Using compiler version '192528614'; Build Type 'Release'
OS: 'Windows 10 Pro; OS build 19041.1415; Version 2004; 64bit' Language: 'en' Physical Memory: 65165 MB
BatchMode: 1, IsHumanControllingUs: 0, StartBugReporterOnCrash: 0, Is64bit: 1, IsPro: 0

 COMMAND LINE ARGUMENTS:
C:\Program Files\Unity\Hub\Editor\2020.3.10f1\Editor\Unity.exe
-adb2
-batchMode
-noUpm
-name
AssetImportWorker0
-projectPath
C:/Users/llancaster/Desktop/Unity Games/Freedom Ninja/Freedom Ninja
-logFile
Logs/AssetImportWorker0.log
-srvPort
62556
Successfully changed project path to: C:/Users/llancaster/Desktop/Unity Games/Freedom Ninja/Freedom Ninja
C:/Users/llancaster/Desktop/Unity Games/Freedom Ninja/Freedom Ninja
Using Asset Import Pipeline V2.
Refreshing native plugins compatible for Editor in 33.87 ms, found 3 plugins.
Preloading 0 native plugins for Editor in 0.00 ms.
Initialize engine version: 2020.3.10f1 (297d780c91bc)
[Subsystems] Discovering subsystems at path C:/Program Files/Unity/Hub/Editor/2020.3.10f1/Editor/Data/Resources/UnitySubsystems
[Subsystems] Discovering subsystems at path C:/Users/llancaster/Desktop/Unity Games/Freedom Ninja/Freedom Ninja/Assets
GfxDevice: creating device client; threaded=0
Direct3D:
    Version:  Direct3D 11.0 [level 11.1]
    Renderer: NVIDIA Quadro RTX 5000 (ID=0x1eb5)
    Vendor:   
    VRAM:     16170 MB
    Driver:   27.21.14.5241
Initialize mono
Mono path[0] = 'C:/Program Files/Unity/Hub/Editor/2020.3.10f1/Editor/Data/Managed'
Mono path[1] = 'C:/Program Files/Unity/Hub/Editor/2020.3.10f1/Editor/Data/MonoBleedingEdge/lib/mono/unityjit'
Mono config path = 'C:/Program Files/Unity/Hub/Editor/2020.3.10f1/Editor/Data/MonoBleedingEdge/etc'
Using monoOptions --debugger-agent=transport=dt_socket,embedding=1,server=y,suspend=n,address=127.0.0.1:56812
Begin MonoManager ReloadAssembly
Registering precompiled unity dll's ...
Register platform support module: C:/Program Files/Unity/Hub/Editor/2020.3.10f1/Editor/Data/PlaybackEngines/WebGLSupport/UnityEditor.WebGL.Extensions.dll
Register platform support module: C:/Program Files/Unity/Hub/Editor/2020.3.10f1/Editor/Data/PlaybackEngines/WindowsStandaloneSupport/UnityEditor.WindowsStandalone.Extensions.dll
Registered in 0.001561 seconds.
Native extension for WindowsStandalone target not found
Native extension for WebGL target not found
Refreshing native plugins compatible for Editor in 31.60 ms, found 3 plugins.
Preloading 0 native plugins for Editor in 0.00 ms.
Mono: successfully reloaded assembly
- Completed reload, in  1.667 seconds
Platform modules already initialized, skipping
Registering precompiled user dll's ...
Registered in 0.002778 seconds.
Begin MonoManager ReloadAssembly
Native extension for WindowsStandalone target not found
Native extension for WebGL target not found
Refreshing native plugins compatible for Editor in 31.04 ms, found 3 plugins.
Preloading 0 native plugins for Editor in 0.00 ms.
Mono: successfully reloaded assembly
- Completed reload, in  0.871 seconds
Platform modules already initialized, skipping
========================================================================
Worker process is ready to serve import requests
Launched and connected shader compiler UnityShaderCompiler.exe after 0.03 seconds
Refreshing native plugins compatible for Editor in 0.48 ms, found 3 plugins.
Preloading 0 native plugins for Editor in 0.00 ms.
Unloading 2113 Unused Serialized files (Serialized files now loaded: 0)
System memory in use before: 95.6 MB.
System memory in use after: 95.7 MB.

Unloading 28 unused Assets to reduce memory usage. Loaded Objects now: 2553.
Total: 2.077200 ms (FindLiveObjects: 0.169800 ms CreateObjectMapping: 0.069800 ms MarkObjects: 1.723100 ms  DeleteObjects: 0.113600 ms)

========================================================================
Received Import Request.
  path: Assets/Prefabs/Map and Reset Canvas Variant.prefab
  artifactKey: Guid(d181eb36bee7b904dbf818cd7280367c) Importer(815301076,1909f56bfc062723c751e8b465ee728b)
Start importing Assets/Prefabs/Map and Reset Canvas Variant.prefab using Guid(d181eb36bee7b904dbf818cd7280367c) Importer(815301076,1909f56bfc062723c751e8b465ee728b)  -> (artifact id: '8722ecd6c8c26cff1b584775c8039998') in 0.048703 seconds
  Import took 0.051835 seconds .

========================================================================
Received Import Request.
  Time since last request: 7.142413 seconds.
  path: Assets/Prefabs/Map and Reset Canvas.prefab
  artifactKey: Guid(968406c09aedbd841ba59ebd7f2c1c4f) Importer(815301076,1909f56bfc062723c751e8b465ee728b)
Start importing Assets/Prefabs/Map and Reset Canvas.prefab using Guid(968406c09aedbd841ba59ebd7f2c1c4f) Importer(815301076,1909f56bfc062723c751e8b465ee728b)  -> (artifact id: '3740cd614732ad4a40dae19a99340396') in 0.010211 seconds
  Import took 0.013560 seconds .

========================================================================
Received Import Request.
  Time since last request: 20.455275 seconds.
  path: Assets/Scenes/PracticeLevel.unity
  artifactKey: Guid(55195ad8f9db8b84789d8600fd7e3804) Importer(815301076,1909f56bfc062723c751e8b465ee728b)
Start importing Assets/Scenes/PracticeLevel.unity using Guid(55195ad8f9db8b84789d8600fd7e3804) Importer(815301076,1909f56bfc062723c751e8b465ee728b)  -> (artifact id: 'd44cdea81aac9e0db32ef1876f2eacc5') in 0.006544 seconds
  Import took 0.009239 seconds .

========================================================================
Received Import Request.
  Time since last request: 758.527856 seconds.
  path: Assets/Prefabs/Map and Reset Canvas.prefab
  artifactKey: Guid(968406c09aedbd841ba59ebd7f2c1c4f) Importer(815301076,1909f56bfc062723c751e8b465ee728b)
Start importing Assets/Prefabs/Map and Reset Canvas.prefab using Guid(968406c09aedbd841ba59ebd7f2c1c4f) Importer(815301076,1909f56bfc062723c751e8b465ee728b)  -> (artifact id: '656a834820c5cf58712773d520037ee8') in 0.008506 seconds
  Import took 0.012460 seconds .

========================================================================
Received Prepare
Registering precompiled user dll's ...
Registered in 0.002627 seconds.
Begin MonoManager ReloadAssembly
Native extension for WindowsStandalone target not found
Native extension for WebGL target not found
Refreshing native plugins compatible for Editor in 0.39 ms, found 3 plugins.
Preloading 0 native plugins for Editor in 0.00 ms.
Mono: successfully reloaded assembly
- Completed reload, in  0.810 seconds
Platform modules already initialized, skipping
Refreshing native plugins compatible for Editor in 0.41 ms, found 3 plugins.
Preloading 0 native plugins for Editor in 0.00 ms.
Unloading 2090 Unused Serialized files (Serialized files now loaded: 0)
System memory in use before: 93.8 MB.
System memory in use after: 94.0 MB.

Unloading 18 unused Assets to reduce memory usage. Loaded Objects now: 2557.
Total: 1.839300 ms (FindLiveObjects: 0.175100 ms CreateObjectMapping: 0.076200 ms MarkObjects: 1.563500 ms  DeleteObjects: 0.023800 ms)

========================================================================
Received Import Request.
  Time since last request: 214.404718 seconds.
  path: Assets/Scenes/PracticeLevel.unity
  artifactKey: Guid(55195ad8f9db8b84789d8600fd7e3804) Importer(815301076,1909f56bfc062723c751e8b465ee728b)
Start importing Assets/Scenes/PracticeLevel.unity using Guid(55195ad8f9db8b84789d8600fd7e3804) Importer(815301076,1909f56bfc062723c751e8b465ee728b)  -> (artifact id: '29e44d6e6081f7ae4420e318f93711ad') in 0.013654 seconds
  Import took 0.016430 seconds .

========================================================================
Received Import Request.
  Time since last request: 238.593816 seconds.
  path: Assets/LevelSelectPNG.webp
  artifactKey: Guid(020a827e358ed874b9e3af2e4da810aa) Importer(815301076,1909f56bfc062723c751e8b465ee728b)
Start importing Assets/LevelSelectPNG.webp using Guid(020a827e358ed874b9e3af2e4da810aa) Importer(815301076,1909f56bfc062723c751e8b465ee728b)  -> (artifact id: '6c4414db9575b69177289d5b54ea313b') in 0.010649 seconds
  Import took 0.013610 seconds .

========================================================================
Received Import Request.
  Time since last request: 123.597962 seconds.
  path: Assets/New Piskel.png
  artifactKey: Guid(8a9d6fab87cd6744ba35f1816bc149e1) Importer(815301076,1909f56bfc062723c751e8b465ee728b)
Start importing Assets/New Piskel.png using Guid(8a9d6fab87cd6744ba35f1816bc149e1) Importer(815301076,1909f56bfc062723c751e8b465ee728b)  -> (artifact id: 'bd3400325c78d55fabec0bb5871f3e76') in 0.057201 seconds
  Import took 0.060414 seconds .

========================================================================
Received Prepare
Registering precompiled user dll's ...
Registered in 0.002554 seconds.
Begin MonoManager ReloadAssembly
Native extension for WindowsStandalone target not found
Native extension for WebGL target not found
Refreshing native plugins compatible for Editor in 0.40 ms, found 3 plugins.
Preloading 0 native plugins for Editor in 0.00 ms.
Mono: successfully reloaded assembly
- Completed reload, in  0.793 seconds
Platform modules already initialized, skipping
Refreshing native plugins compatible for Editor in 0.40 ms, found 3 plugins.
Preloading 0 native plugins for Editor in 0.00 ms.
Unloading 2090 Unused Serialized files (Serialized files now loaded: 0)
System memory in use before: 96.8 MB.
System memory in use after: 96.9 MB.

Unloading 16 unused Assets to reduce memory usage. Loaded Objects now: 2567.
Total: 1.737800 ms (FindLiveObjects: 0.170600 ms CreateObjectMapping: 0.077200 ms MarkObjects: 1.476100 ms  DeleteObjects: 0.012900 ms)

========================================================================
Received Prepare
Registering precompiled user dll's ...
Registered in 0.002801 seconds.
Begin MonoManager ReloadAssembly
Native extension for WindowsStandalone target not found
Native extension for WebGL target not found
Refreshing native plugins compatible for Editor in 0.38 ms, found 3 plugins.
Preloading 0 native plugins for Editor in 0.00 ms.
Mono: successfully reloaded assembly
- Completed reload, in  0.835 seconds
Platform modules already initialized, skipping
Refreshing native plugins compatible for Editor in 0.40 ms, found 3 plugins.
Preloading 0 native plugins for Editor in 0.00 ms.
Unloading 2090 Unused Serialized files (Serialized files now loaded: 0)
System memory in use before: 96.8 MB.
System memory in use after: 97.0 MB.

Unloading 16 unused Assets to reduce memory usage. Loaded Objects now: 2571.
Total: 1.783100 ms (FindLiveObjects: 0.176900 ms CreateObjectMapping: 0.076900 ms MarkObjects: 1.495500 ms  DeleteObjects: 0.032700 ms)

========================================================================
Received Import Request.
  Time since last request: 276.239724 seconds.
  path: Assets/Scenes/Level 1.unity
  artifactKey: Guid(0fc0dd0afefa8864ebdc75123b165371) Importer(815301076,1909f56bfc062723c751e8b465ee728b)
Start importing Assets/Scenes/Level 1.unity using Guid(0fc0dd0afefa8864ebdc75123b165371) Importer(815301076,1909f56bfc062723c751e8b465ee728b)  -> (artifact id: '9fb029953b10d84708a09a01ed03d4b7') in 0.015432 seconds
  Import took 0.019220 seconds .

========================================================================
Received Import Request.
  Time since last request: 12.895189 seconds.
  path: Assets/Backgrounds/SkyBackground.jpg
  artifactKey: Guid(c48838ec434ac894e86babc8a1634dbb) Importer(815301076,1909f56bfc062723c751e8b465ee728b)
Start importing Assets/Backgrounds/SkyBackground.jpg using Guid(c48838ec434ac894e86babc8a1634dbb) Importer(815301076,1909f56bfc062723c751e8b465ee728b)  -> (artifact id: '59e5924a9fbe578a7a46ecd4865388e6') in 0.039338 seconds
  Import took 0.042215 seconds .

========================================================================
Received Import Request.
  Time since last request: 38.422354 seconds.
  path: Assets/Scenes/PracticeLevel.unity
  artifactKey: Guid(55195ad8f9db8b84789d8600fd7e3804) Importer(815301076,1909f56bfc062723c751e8b465ee728b)
Start importing Assets/Scenes/PracticeLevel.unity using Guid(55195ad8f9db8b84789d8600fd7e3804) Importer(815301076,1909f56bfc062723c751e8b465ee728b)  -> (artifact id: '4754c5d2c9138890fbda402fb0720cf5') in 0.003531 seconds
  Import took 0.006349 seconds .

========================================================================
Received Import Request.
  Time since last request: 18.935426 seconds.
  path: Assets/Prefabs/Map and Reset Canvas 1.prefab
  artifactKey: Guid(03778f9f313b75246bcb3c8e8d449bb3) Importer(815301076,1909f56bfc062723c751e8b465ee728b)
Start importing Assets/Prefabs/Map and Reset Canvas 1.prefab using Guid(03778f9f313b75246bcb3c8e8d449bb3) Importer(815301076,1909f56bfc062723c751e8b465ee728b)  -> (artifact id: '40338bafb57fefaf645137e5d30e8b73') in 0.026767 seconds
  Import took 0.029939 seconds .

========================================================================
Received Import Request.
  Time since last request: 0.003482 seconds.
  path: Assets/Prefabs/Map and Reset Canvas 1.prefab
  artifactKey: Guid(03778f9f313b75246bcb3c8e8d449bb3) Importer(815301076,1909f56bfc062723c751e8b465ee728b)
Start importing Assets/Prefabs/Map and Reset Canvas 1.prefab using Guid(03778f9f313b75246bcb3c8e8d449bb3) Importer(815301076,1909f56bfc062723c751e8b465ee728b)  -> (artifact id: '40338bafb57fefaf645137e5d30e8b73') in 0.005558 seconds
  Import took 0.008686 seconds .

========================================================================
Received Import Request.
  Time since last request: 45.642587 seconds.
  path: Assets/Scenes/Level 1.unity
  artifactKey: Guid(0fc0dd0afefa8864ebdc75123b165371) Importer(815301076,1909f56bfc062723c751e8b465ee728b)
Start importing Assets/Scenes/Level 1.unity using Guid(0fc0dd0afefa8864ebdc75123b165371) Importer(815301076,1909f56bfc062723c751e8b465ee728b)  -> (artifact id: '88f3d1a16d4cfe16a2bcdbe6c2c4d2b4') in 0.003862 seconds
  Import took 0.007175 seconds .

========================================================================
Received Prepare
Registering precompiled user dll's ...
Registered in 0.003086 seconds.
Begin MonoManager ReloadAssembly
Native extension for WindowsStandalone target not found
Native extension for WebGL target not found
Refreshing native plugins compatible for Editor in 0.40 ms, found 3 plugins.
Preloading 0 native plugins for Editor in 0.00 ms.
Mono: successfully reloaded assembly
- Completed reload, in  0.808 seconds
Platform modules already initialized, skipping
Refreshing native plugins compatible for Editor in 0.40 ms, found 3 plugins.
Preloading 0 native plugins for Editor in 0.00 ms.
Unloading 2090 Unused Serialized files (Serialized files now loaded: 0)
System memory in use before: 96.9 MB.
System memory in use after: 97.0 MB.

Unloading 18 unused Assets to reduce memory usage. Loaded Objects now: 2578.
Total: 1.802100 ms (FindLiveObjects: 0.177900 ms CreateObjectMapping: 0.078200 ms MarkObjects: 1.505700 ms  DeleteObjects: 0.039600 ms)

========================================================================
Received Prepare
Registering precompiled user dll's ...
Registered in 0.002594 seconds.
Begin MonoManager ReloadAssembly
Native extension for WindowsStandalone target not found
Native extension for WebGL target not found
Refreshing native plugins compatible for Editor in 0.38 ms, found 3 plugins.
Preloading 0 native plugins for Editor in 0.00 ms.
Mono: successfully reloaded assembly
- Completed reload, in  0.827 seconds
Platform modules already initialized, skipping
Refreshing native plugins compatible for Editor in 0.40 ms, found 3 plugins.
Preloading 0 native plugins for Editor in 0.00 ms.
Unloading 2090 Unused Serialized files (Serialized files now loaded: 0)
System memory in use before: 96.9 MB.
System memory in use after: 97.0 MB.

Unloading 16 unused Assets to reduce memory usage. Loaded Objects now: 2582.
Total: 1.774700 ms (FindLiveObjects: 0.199000 ms CreateObjectMapping: 0.076100 ms MarkObjects: 1.485700 ms  DeleteObjects: 0.013300 ms)

========================================================================
Received Prepare
Registering precompiled user dll's ...
Registered in 0.002527 seconds.
Begin MonoManager ReloadAssembly
Native extension for WindowsStandalone target not found
Native extension for WebGL target not found
Refreshing native plugins compatible for Editor in 0.40 ms, found 3 plugins.
Preloading 0 native plugins for Editor in 0.00 ms.
Mono: successfully reloaded assembly
- Completed reload, in  0.823 seconds
Platform modules already initialized, skipping
Refreshing native plugins compatible for Editor in 0.41 ms, found 3 plugins.
Preloading 0 native plugins for Editor in 0.00 ms.
Unloading 2090 Unused Serialized files (Serialized files now loaded: 0)
System memory in use before: 96.9 MB.
System memory in use after: 97.0 MB.

Unloading 16 unused Assets to reduce memory usage. Loaded Objects now: 2586.
Total: 1.847600 ms (FindLiveObjects: 0.175400 ms CreateObjectMapping: 0.091300 ms MarkObjects: 1.566800 ms  DeleteObjects: 0.013300 ms)

========================================================================
Received Prepare
Registering precompiled user dll's ...
Registered in 0.003027 seconds.
Begin MonoManager ReloadAssembly
Native extension for WindowsStandalone target not found
Native extension for WebGL target not found
Refreshing native plugins compatible for Editor in 0.44 ms, found 3 plugins.
Preloading 0 native plugins for Editor in 0.00 ms.
Mono: successfully reloaded assembly
- Completed reload, in  0.927 seconds
Platform modules already initialized, skipping
Refreshing native plugins compatible for Editor in 0.48 ms, found 3 plugins.
Preloading 0 native plugins for Editor in 0.00 ms.
Unloading 2090 Unused Serialized files (Serialized files now loaded: 0)
System memory in use before: 96.9 MB.
System memory in use after: 97.0 MB.

Unloading 16 unused Assets to reduce memory usage. Loaded Objects now: 2590.
Total: 1.955200 ms (FindLiveObjects: 0.189700 ms CreateObjectMapping: 0.084100 ms MarkObjects: 1.663700 ms  DeleteObjects: 0.015100 ms)

========================================================================
Received Prepare
Registering precompiled user dll's ...
Registered in 0.002709 seconds.
Begin MonoManager ReloadAssembly
Native extension for WindowsStandalone target not found
Native extension for WebGL target not found
Refreshing native plugins compatible for Editor in 0.40 ms, found 3 plugins.
Preloading 0 native plugins for Editor in 0.00 ms.
Mono: successfully reloaded assembly
- Completed reload, in  0.821 seconds
Platform modules already initialized, skipping
Refreshing native plugins compatible for Editor in 0.41 ms, found 3 plugins.
Preloading 0 native plugins for Editor in 0.00 ms.
Unloading 2090 Unused Serialized files (Serialized files now loaded: 0)
System memory in use before: 96.9 MB.
System memory in use after: 97.0 MB.

Unloading 16 unused Assets to reduce memory usage. Loaded Objects now: 2594.
Total: 1.792400 ms (FindLiveObjects: 0.192200 ms CreateObjectMapping: 0.077300 ms MarkObjects: 1.471400 ms  DeleteObjects: 0.050500 ms)

========================================================================
Received Prepare
Registering precompiled user dll's ...
Registered in 0.002858 seconds.
Begin MonoManager ReloadAssembly
Native extension for WindowsStandalone target not found
Native extension for WebGL target not found
Refreshing native plugins compatible for Editor in 0.40 ms, found 3 plugins.
Preloading 0 native plugins for Editor in 0.00 ms.
Mono: successfully reloaded assembly
- Completed reload, in  0.798 seconds
Platform modules already initialized, skipping
Refreshing native plugins compatible for Editor in 0.40 ms, found 3 plugins.
Preloading 0 native plugins for Editor in 0.00 ms.
Unloading 2090 Unused Serialized files (Serialized files now loaded: 0)
System memory in use before: 96.9 MB.
System memory in use after: 97.1 MB.

Unloading 16 unused Assets to reduce memory usage. Loaded Objects now: 2598.
Total: 1.778400 ms (FindLiveObjects: 0.195100 ms CreateObjectMapping: 0.070500 ms MarkObjects: 1.499900 ms  DeleteObjects: 0.012300 ms)

========================================================================
Received Prepare
Registering precompiled user dll's ...
Registered in 0.002691 seconds.
Begin MonoManager ReloadAssembly
Native extension for WindowsStandalone target not found
Native extension for WebGL target not found
Refreshing native plugins compatible for Editor in 0.39 ms, found 3 plugins.
Preloading 0 native plugins for Editor in 0.00 ms.
Mono: successfully reloaded assembly
- Completed reload, in  0.797 seconds
Platform modules already initialized, skipping
Refreshing native plugins compatible for Editor in 0.41 ms, found 3 plugins.
Preloading 0 native plugins for Editor in 0.00 ms.
Unloading 2090 Unused Serialized files (Serialized files now loaded: 0)
System memory in use before: 96.9 MB.
System memory in use after: 97.1 MB.

Unloading 16 unused Assets to reduce memory usage. Loaded Objects now: 2602.
Total: 1.750500 ms (FindLiveObjects: 0.178600 ms CreateObjectMapping: 0.080900 ms MarkObjects: 1.478300 ms  DeleteObjects: 0.012100 ms)

========================================================================
Received Prepare
Registering precompiled user dll's ...
Registered in 0.002690 seconds.
Begin MonoManager ReloadAssembly
Native extension for WindowsStandalone target not found
Native extension for WebGL target not found
Refreshing native plugins compatible for Editor in 0.48 ms, found 3 plugins.
Preloading 0 native plugins for Editor in 0.00 ms.
Mono: successfully reloaded assembly
- Completed reload, in  0.811 seconds
Platform modules already initialized, skipping
Refreshing native plugins compatible for Editor in 0.41 ms, found 3 plugins.
Preloading 0 native plugins for Editor in 0.00 ms.
Unloading 2090 Unused Serialized files (Serialized files now loaded: 0)
System memory in use before: 97.0 MB.
System memory in use after: 97.1 MB.

Unloading 16 unused Assets to reduce memory usage. Loaded Objects now: 2606.
Total: 1.801500 ms (FindLiveObjects: 0.182100 ms CreateObjectMapping: 0.079500 ms MarkObjects: 1.525800 ms  DeleteObjects: 0.013400 ms)

========================================================================
Received Prepare
Registering precompiled user dll's ...
Registered in 0.002668 seconds.
Begin MonoManager ReloadAssembly
Native extension for WindowsStandalone target not found
Native extension for WebGL target not found
Refreshing native plugins compatible for Editor in 0.46 ms, found 3 plugins.
Preloading 0 native plugins for Editor in 0.00 ms.
Mono: successfully reloaded assembly
- Completed reload, in  0.821 seconds
Platform modules already initialized, skipping
Refreshing native plugins compatible for Editor in 0.41 ms, found 3 plugins.
Preloading 0 native plugins for Editor in 0.00 ms.
Unloading 2090 Unused Serialized files (Serialized files now loaded: 0)
System memory in use before: 97.0 MB.
System memory in use after: 97.1 MB.

Unloading 16 unused Assets to reduce memory usage. Loaded Objects now: 2610.
Total: 1.771000 ms (FindLiveObjects: 0.179200 ms CreateObjectMapping: 0.076800 ms MarkObjects: 1.501000 ms  DeleteObjects: 0.013200 ms)

========================================================================
Received Prepare
Registering precompiled user dll's ...
Registered in 0.003042 seconds.
Begin MonoManager ReloadAssembly
Native extension for WindowsStandalone target not found
Native extension for WebGL target not found
Refreshing native plugins compatible for Editor in 0.41 ms, found 3 plugins.
Preloading 0 native plugins for Editor in 0.00 ms.
Mono: successfully reloaded assembly
- Completed reload, in  0.798 seconds
Platform modules already initialized, skipping
Refreshing native plugins compatible for Editor in 0.40 ms, found 3 plugins.
Preloading 0 native plugins for Editor in 0.00 ms.
Unloading 2090 Unused Serialized files (Serialized files now loaded: 0)
System memory in use before: 97.0 MB.
System memory in use after: 97.1 MB.

Unloading 16 unused Assets to reduce memory usage. Loaded Objects now: 2614.
Total: 1.794500 ms (FindLiveObjects: 0.184100 ms CreateObjectMapping: 0.073800 ms MarkObjects: 1.503000 ms  DeleteObjects: 0.032800 ms)

========================================================================
Received Prepare
Registering precompiled user dll's ...
Registered in 0.002767 seconds.
Begin MonoManager ReloadAssembly
Native extension for WindowsStandalone target not found
Native extension for WebGL target not found
Refreshing native plugins compatible for Editor in 0.62 ms, found 3 plugins.
Preloading 0 native plugins for Editor in 0.00 ms.
Mono: successfully reloaded assembly
- Completed reload, in  0.812 seconds
Platform modules already initialized, skipping
Refreshing native plugins compatible for Editor in 0.40 ms, found 3 plugins.
Preloading 0 native plugins for Editor in 0.00 ms.
Unloading 2090 Unused Serialized files (Serialized files now loaded: 0)
System memory in use before: 97.0 MB.
System memory in use after: 97.1 MB.

Unloading 16 unused Assets to reduce memory usage. Loaded Objects now: 2618.
Total: 1.871700 ms (FindLiveObjects: 0.194000 ms CreateObjectMapping: 0.071800 ms MarkObjects: 1.592100 ms  DeleteObjects: 0.012700 ms)

========================================================================
Received Prepare
Registering precompiled user dll's ...
Registered in 0.002825 seconds.
Begin MonoManager ReloadAssembly
Native extension for WindowsStandalone target not found
Native extension for WebGL target not found
Refreshing native plugins compatible for Editor in 0.40 ms, found 3 plugins.
Preloading 0 native plugins for Editor in 0.00 ms.
Mono: successfully reloaded assembly
- Completed reload, in  0.822 seconds
Platform modules already initialized, skipping
Refreshing native plugins compatible for Editor in 0.41 ms, found 3 plugins.
Preloading 0 native plugins for Editor in 0.00 ms.
Unloading 2090 Unused Serialized files (Serialized files now loaded: 0)
System memory in use before: 97.0 MB.
System memory in use after: 97.1 MB.

Unloading 16 unused Assets to reduce memory usage. Loaded Objects now: 2622.
Total: 1.797200 ms (FindLiveObjects: 0.182300 ms CreateObjectMapping: 0.076300 ms MarkObjects: 1.525000 ms  DeleteObjects: 0.013000 ms)

========================================================================
Received Prepare
Registering precompiled user dll's ...
Registered in 0.002934 seconds.
Begin MonoManager ReloadAssembly
Native extension for WindowsStandalone target not found
Native extension for WebGL target not found
Refreshing native plugins compatible for Editor in 0.38 ms, found 3 plugins.
Preloading 0 native plugins for Editor in 0.00 ms.
Mono: successfully reloaded assembly
- Completed reload, in  0.793 seconds
Platform modules already initialized, skipping
Refreshing native plugins compatible for Editor in 0.41 ms, found 3 plugins.
Preloading 0 native plugins for Editor in 0.00 ms.
Unloading 2090 Unused Serialized files (Serialized files now loaded: 0)
System memory in use before: 97.0 MB.
System memory in use after: 97.1 MB.

Unloading 16 unused Assets to reduce memory usage. Loaded Objects now: 2626.
Total: 1.912800 ms (FindLiveObjects: 0.237700 ms CreateObjectMapping: 0.092300 ms MarkObjects: 1.547700 ms  DeleteObjects: 0.034500 ms)

========================================================================
Received Prepare
Registering precompiled user dll's ...
Registered in 0.002804 seconds.
Begin MonoManager ReloadAssembly
Native extension for WindowsStandalone target not found
Native extension for WebGL target not found
Refreshing native plugins compatible for Editor in 0.38 ms, found 3 plugins.
Preloading 0 native plugins for Editor in 0.00 ms.
Mono: successfully reloaded assembly
- Completed reload, in  0.801 seconds
Platform modules already initialized, skipping
Refreshing native plugins compatible for Editor in 0.40 ms, found 3 plugins.
Preloading 0 native plugins for Editor in 0.00 ms.
Unloading 2090 Unused Serialized files (Serialized files now loaded: 0)
System memory in use before: 97.0 MB.
System memory in use after: 97.1 MB.

Unloading 16 unused Assets to reduce memory usage. Loaded Objects now: 2630.
Total: 2.468800 ms (FindLiveObjects: 0.186900 ms CreateObjectMapping: 0.069400 ms MarkObjects: 2.175100 ms  DeleteObjects: 0.036500 ms)

AssetImportWorkerClient::OnTransportError - code=2 error=End of file
